<?xml version="1.0" encoding="UTF-8"?>
<!-- Generated by org.testng.reporters.JUnitXMLReporter -->
<testsuite hostname="DESKTOP-2EVVVF8" ignored="0" name="Naukri.com_Web_Application" tests="2" failures="0" timestamp="2021-06-02T02:08:27 IST" time="51.349" errors="0">
  <testcase name="loginPagetest" time="8.856" classname="com.bridgelabz.test.LoginModuleTest"/>
  <testcase name="logoutPageTest" time="12.818" classname="com.bridgelabz.test.LoginModuleTest"/>
</testsuite> <!-- Naukri.com_Web_Application -->
